<?xml version="1.0" encoding="UTF-8"?>
<!-- Generated by org.testng.reporters.JUnitXMLReporter -->
<testsuite ignored="0" hostname="Rahul4785-01" failures="0" tests="3" name="Default test" time="1.624" errors="0" timestamp="2020-04-23T15:33:09 IST">
  <testcase classname="BodytestWithJackson" name="notFoundMessageIsCorrect" time="0.923"/>
  <testcase classname="BodytestWithJackson" name="returnCorrectId" time="0.311"/>
  <testcase classname="BodytestWithJackson" name="returnCorrectLogin" time="0.076"/>
</testsuite> <!-- Default test -->
